[    0.000000] Initializing cgroup subsys cpuset
[    0.000000] Initializing cgroup subsys cpu
[    0.000000] Initializing cgroup subsys cpuacct
[    0.000000] Linux version 4.4.0-135-generic (buildd@lcy01-amd64-020) (gcc version 5.4.0 20160609 (Ubuntu 5.4.0-6ubuntu1~16.04.10) ) #161-Ubuntu SMP Mon Aug 27 10:45:01 UTC 2018 (Ubuntu 4.4.0-135.161-generic 4.4.140)
[    0.000000] Command line: BOOT_IMAGE=/boot/vmlinuz-4.4.0-135-generic root=LABEL=cloudimg-rootfs ro console=tty1 console=ttyS0
[    0.000000] KERNEL supported cpus:
[    0.000000]   Intel GenuineIntel
[    0.000000]   AMD AuthenticAMD
[    0.000000]   Centaur CentaurHauls
[    0.000000] x86/fpu: xstate_offset[2]:  576, xstate_sizes[2]:  256
[    0.000000] x86/fpu: Supporting XSAVE feature 0x01: 'x87 floating point registers'
[    0.000000] x86/fpu: Supporting XSAVE feature 0x02: 'SSE registers'
[    0.000000] x86/fpu: Supporting XSAVE feature 0x04: 'AVX registers'
[    0.000000] x86/fpu: Enabled xstate features 0x7, context size is 832 bytes, using 'standard' format.
[    0.000000] e820: BIOS-provided physical RAM map:
[    0.000000] BIOS-e820: [mem 0x0000000000000000-0x000000000009fbff] usable
[    0.000000] BIOS-e820: [mem 0x000000000009fc00-0x000000000009ffff] reserved
[    0.000000] BIOS-e820: [mem 0x00000000000f0000-0x00000000000fffff] reserved
[    0.000000] BIOS-e820: [mem 0x0000000000100000-0x000000003ffeffff] usable
[    0.000000] BIOS-e820: [mem 0x000000003fff0000-0x000000003fffffff] ACPI data
[    0.000000] BIOS-e820: [mem 0x00000000fec00000-0x00000000fec00fff] reserved
[    0.000000] BIOS-e820: [mem 0x00000000fee00000-0x00000000fee00fff] reserved
[    0.000000] BIOS-e820: [mem 0x00000000fffc0000-0x00000000ffffffff] reserved
[    0.000000] NX (Execute Disable) protection: active
[    0.000000] SMBIOS 2.5 present.
[    0.000000] Hypervisor detected: KVM
[    0.000000] Kernel/User page tables isolation: disabled
[    0.000000] e820: last_pfn = 0x3fff0 max_arch_pfn = 0x400000000
[    0.000000] MTRR: Disabled
[    0.000000] x86/PAT: MTRRs disabled, skipping PAT initialization too.
[    0.000000] CPU MTRRs all blank - virtualized system.
[    0.000000] x86/PAT: Configuration [0-7]: WB  WT  UC- UC  WB  WT  UC- UC  
[    0.000000] found SMP MP-table at [mem 0x0009fff0-0x0009ffff] mapped at [ffff88000009fff0]
[    0.000000] Scanning 1 areas for low memory corruption
[    0.000000] RAMDISK: [mem 0x3630a000-0x3717cfff]
[    0.000000] ACPI: Early table checksum verification disabled
[    0.000000] ACPI: RSDP 0x00000000000E0000 000024 (v02 VBOX  )
[    0.000000] ACPI: XSDT 0x000000003FFF0030 00003C (v01 VBOX   VBOXXSDT 00000001 ASL  00000061)
[    0.000000] ACPI: FACP 0x000000003FFF00F0 0000F4 (v04 VBOX   VBOXFACP 00000001 ASL  00000061)
[    0.000000] ACPI: DSDT 0x000000003FFF0470 0021FF (v02 VBOX   VBOXBIOS 00000002 INTL 20160108)
[    0.000000] ACPI: FACS 0x000000003FFF0200 000040
[    0.000000] ACPI: FACS 0x000000003FFF0200 000040
[    0.000000] ACPI: APIC 0x000000003FFF0240 00005C (v02 VBOX   VBOXAPIC 00000001 ASL  00000061)
[    0.000000] ACPI: SSDT 0x000000003FFF02A0 0001CC (v01 VBOX   VBOXCPUT 00000002 INTL 20160108)
[    0.000000] No NUMA configuration found
[    0.000000] Faking a node at [mem 0x0000000000000000-0x000000003ffeffff]
[    0.000000] NODE_DATA(0) allocated [mem 0x3ffeb000-0x3ffeffff]
[    0.000000] kvm-clock: Using msrs 4b564d01 and 4b564d00
[    0.000000] kvm-clock: cpu 0, msr 0:3ffe3001, primary cpu clock
[    0.000000] kvm-clock: using sched offset of 3521398686 cycles
[    0.000000] clocksource: kvm-clock: mask: 0xffffffffffffffff max_cycles: 0x1cd42e4dffb, max_idle_ns: 881590591483 ns
[    0.000000] Zone ranges:
[    0.000000]   DMA      [mem 0x0000000000001000-0x0000000000ffffff]
[    0.000000]   DMA32    [mem 0x0000000001000000-0x000000003ffeffff]
[    0.000000]   Normal   empty
[    0.000000]   Device   empty
[    0.000000] Movable zone start for each node
[    0.000000] Early memory node ranges
[    0.000000]   node   0: [mem 0x0000000000001000-0x000000000009efff]
[    0.000000]   node   0: [mem 0x0000000000100000-0x000000003ffeffff]
[    0.000000] Initmem setup node 0 [mem 0x0000000000001000-0x000000003ffeffff]
[    0.000000] ACPI: PM-Timer IO Port: 0x4008
[    0.000000] IOAPIC[0]: apic_id 2, version 32, address 0xfec00000, GSI 0-23
[    0.000000] ACPI: INT_SRC_OVR (bus 0 bus_irq 0 global_irq 2 dfl dfl)
[    0.000000] ACPI: INT_SRC_OVR (bus 0 bus_irq 9 global_irq 9 high level)
[    0.000000] Using ACPI (MADT) for SMP configuration information
[    0.000000] smpboot: Allowing 2 CPUs, 0 hotplug CPUs
[    0.000000] PM: Registered nosave memory: [mem 0x00000000-0x00000fff]
[    0.000000] PM: Registered nosave memory: [mem 0x0009f000-0x0009ffff]
[    0.000000] PM: Registered nosave memory: [mem 0x000a0000-0x000effff]
[    0.000000] PM: Registered nosave memory: [mem 0x000f0000-0x000fffff]
[    0.000000] e820: [mem 0x40000000-0xfebfffff] available for PCI devices
[    0.000000] Booting paravirtualized kernel on KVM
[    0.000000] clocksource: refined-jiffies: mask: 0xffffffff max_cycles: 0xffffffff, max_idle_ns: 7645519600211568 ns
[    0.000000] setup_percpu: NR_CPUS:512 nr_cpumask_bits:512 nr_cpu_ids:2 nr_node_ids:1
[    0.000000] PERCPU: Embedded 34 pages/cpu @ffff88003fc00000 s99544 r8192 d31528 u1048576
[    0.000000] PV qspinlock hash table entries: 256 (order: 0, 4096 bytes)
[    0.000000] Built 1 zonelists in Node order, mobility grouping on.  Total pages: 257912
[    0.000000] Policy zone: DMA32
[    0.000000] Kernel command line: BOOT_IMAGE=/boot/vmlinuz-4.4.0-135-generic root=LABEL=cloudimg-rootfs ro console=tty1 console=ttyS0
[    0.000000] PID hash table entries: 4096 (order: 3, 32768 bytes)
[    0.000000] Memory: 997720K/1048120K available (8554K kernel code, 1314K rwdata, 4004K rodata, 1516K init, 1316K bss, 50400K reserved, 0K cma-reserved)
[    0.000000] SLUB: HWalign=64, Order=0-3, MinObjects=0, CPUs=2, Nodes=1
[    0.000000] Hierarchical RCU implementation.
[    0.000000] 	Build-time adjustment of leaf fanout to 64.
[    0.000000] 	RCU restricting CPUs from NR_CPUS=512 to nr_cpu_ids=2.
[    0.000000] RCU: Adjusting geometry for rcu_fanout_leaf=64, nr_cpu_ids=2
[    0.000000] NR_IRQS:33024 nr_irqs:440 16
[    0.000000] Console: colour VGA+ 80x25
[    0.000000] console [tty1] enabled
[    0.000000] console [ttyS0] enabled
[    0.000000] tsc: Detected 1995.685 MHz processor
[    0.000000] tsc: Marking TSC unstable due to TSCs unsynchronized
[    0.012000] Calibrating delay loop (skipped) preset value.. 3991.37 BogoMIPS (lpj=7982740)
[    0.016021] pid_max: default: 32768 minimum: 301
[    0.020043] ACPI: Core revision 20150930
[    0.028426] ACPI: 2 ACPI AML tables successfully acquired and loaded
[    0.036621] Security Framework initialized
[    0.040020] Yama: becoming mindful.
[    0.044069] AppArmor: AppArmor initialized
[    0.048215] Dentry cache hash table entries: 131072 (order: 8, 1048576 bytes)
[    0.052451] Inode-cache hash table entries: 65536 (order: 7, 524288 bytes)
[    0.057339] Mount-cache hash table entries: 2048 (order: 2, 16384 bytes)
[    0.060040] Mountpoint-cache hash table entries: 2048 (order: 2, 16384 bytes)
[    0.064377] Initializing cgroup subsys io
[    0.068036] Initializing cgroup subsys memory
[    0.076050] Initializing cgroup subsys devices
[    0.080034] Initializing cgroup subsys freezer
[    0.084035] Initializing cgroup subsys net_cls
[    0.088033] Initializing cgroup subsys perf_event
[    0.092034] Initializing cgroup subsys net_prio
[    0.096043] Initializing cgroup subsys hugetlb
[    0.100030] Initializing cgroup subsys pids
[    0.104166] Disabling Indirect Branch Predictor Support
[    0.117603] mce: CPU supports 0 MCE banks
[    0.120063] Last level iTLB entries: 4KB 512, 2MB 8, 4MB 4
[    0.124019] Last level dTLB entries: 4KB 512, 2MB 256, 4MB 128, 1GB 0
[    0.128022] Spectre V2 : LFENCE not serializing. Switching to generic retpoline
[    0.132019] Spectre V2 : Mitigation: Full generic retpoline
[    0.136020] Spectre V2 : Speculation control IBPB not-supported IBRS not-supported
[    0.140018] Spectre V2 : Filling RSB on context switch
[    0.148022] Speculative Store Bypass: Mitigation: Speculative Store Bypass disabled via prctl and seccomp
[    0.158355] Freeing SMP alternatives memory: 32K
[    0.174198] ftrace: allocating 32266 entries in 127 pages
[    0.204186] smpboot: APIC(0) Converting physical 0 to logical package 0
[    0.208027] smpboot: Max logical packages: 1
[    0.212618] x2apic enabled
[    0.216025] Switched APIC routing to physical x2apic.
[    0.222200] ..TIMER: vector=0x30 apic1=0 pin1=2 apic2=-1 pin2=-1
[    0.228000] smpboot: CPU0: AMD A6-7310 APU with AMD Radeon R4 Graphics (family: 0x16, model: 0x30, stepping: 0x1)
[    0.240039] Performance Events: Broken PMU hardware detected, using software events only.
[    0.248021] Failed to access perfctr msr (MSR c0010007 is 0)
[    0.252109] KVM setup paravirtual spinlock
[    0.257512] x86: Booting SMP configuration:
[    0.260025] .... node  #0, CPUs:      #1
[    0.012000] kvm-clock: cpu 1, msr 0:3ffe3041, secondary cpu clock
[    0.012000] mce: CPU supports 0 MCE banks
[    0.560154] x86: Booted up 1 node, 2 CPUs
[    0.564020] smpboot: Total of 2 processors activated (7982.74 BogoMIPS)
[    0.568577] devtmpfs: initialized
[    0.639491] evm: security.selinux
[    0.712023] evm: security.SMACK64
[    0.792025] evm: security.SMACK64EXEC
[    0.872018] evm: security.SMACK64TRANSMUTE
[    0.948021] evm: security.SMACK64MMAP
[    1.016014] evm: security.ima
[    1.076021] evm: security.capability
[    1.116068] clocksource: jiffies: mask: 0xffffffff max_cycles: 0xffffffff, max_idle_ns: 7645041785100000 ns
[    1.324073] futex hash table entries: 512 (order: 3, 32768 bytes)
[    1.464149] pinctrl core: initialized pinctrl subsystem
[    1.468305] RTC time:  2:01:24, date: 09/16/18
[    1.476604] NET: Registered protocol family 16
[    1.492057] cpuidle: using governor ladder
[    1.508059] cpuidle: using governor menu
[    1.512060] PCCT header not found.
[    1.516557] ACPI: bus type PCI registered
[    1.520016] acpiphp: ACPI Hot Plug PCI Controller Driver version: 0.5
[    1.524281] PCI: Using configuration type 1 for base access
[    1.528014] PCI: Using configuration type 1 for extended access
[    1.552373] ACPI: Added _OSI(Module Device)
[    1.556019] ACPI: Added _OSI(Processor Device)
[    1.560020] ACPI: Added _OSI(3.0 _SCP Extensions)
[    1.564014] ACPI: Added _OSI(Processor Aggregator Device)
[    1.569402] ACPI: Executed 1 blocks of module-level executable AML code
[    1.581016] ACPI: Interpreter enabled
[    1.584052] ACPI: (supports S0 S5)
[    1.588017] ACPI: Using IOAPIC for interrupt routing
[    1.592469] PCI: Using host bridge windows from ACPI; if necessary, use "pci=nocrs" and report a bug
[    1.604692] ACPI: PCI Root Bridge [PCI0] (domain 0000 [bus 00-ff])
[    1.608037] acpi PNP0A03:00: _OSC: OS supports [ExtendedConfig ASPM ClockPM Segments MSI]
[    1.612151] acpi PNP0A03:00: _OSC: OS now controls [PCIeHotplug PME AER PCIeCapability]
[    1.616606] PCI host bridge to bus 0000:00
[    1.620025] pci_bus 0000:00: root bus resource [io  0x0000-0x0cf7 window]
[    1.624032] pci_bus 0000:00: root bus resource [io  0x0d00-0xffff window]
[    1.628031] pci_bus 0000:00: root bus resource [mem 0x000a0000-0x000bffff window]
[    1.632028] pci_bus 0000:00: root bus resource [mem 0x40000000-0xffdfffff window]
[    1.636024] pci_bus 0000:00: root bus resource [bus 00-ff]
[    1.642475] pci 0000:00:01.1: legacy IDE quirk: reg 0x10: [io  0x01f0-0x01f7]
[    1.644025] pci 0000:00:01.1: legacy IDE quirk: reg 0x14: [io  0x03f6]
[    1.648022] pci 0000:00:01.1: legacy IDE quirk: reg 0x18: [io  0x0170-0x0177]
[    1.652021] pci 0000:00:01.1: legacy IDE quirk: reg 0x1c: [io  0x0376]
[    1.707258] pci 0000:00:07.0: quirk: [io  0x4000-0x403f] claimed by PIIX4 ACPI
[    1.708046] pci 0000:00:07.0: quirk: [io  0x4100-0x410f] claimed by PIIX4 SMB
[    1.748352] ACPI: PCI Interrupt Link [LNKA] (IRQs 5 9 10 *11)
[    1.765027] ACPI: PCI Interrupt Link [LNKB] (IRQs 5 9 10 *11)
[    1.780781] ACPI: PCI Interrupt Link [LNKC] (IRQs 5 9 *10 11)
[    1.794471] ACPI: PCI Interrupt Link [LNKD] (IRQs 5 *9 10 11)
[    1.803478] ACPI: Enabled 2 GPEs in block 00 to 07
[    1.804525] vgaarb: setting as boot device: PCI:0000:00:02.0
[    1.808000] vgaarb: device added: PCI:0000:00:02.0,decodes=io+mem,owns=io+mem,locks=none
[    1.808023] vgaarb: loaded
[    1.812017] vgaarb: bridge control possible 0000:00:02.0
[    1.816608] SCSI subsystem initialized
[    1.820190] ACPI: bus type USB registered
[    1.824112] usbcore: registered new interface driver usbfs
[    1.828087] usbcore: registered new interface driver hub
[    1.832130] usbcore: registered new device driver usb
[    1.836294] PCI: Using ACPI for IRQ routing
[    1.840624] NetLabel: Initializing
[    1.844023] NetLabel:  domain hash size = 128
[    1.848017] NetLabel:  protocols = UNLABELED CIPSOv4
[    1.852091] NetLabel:  unlabeled traffic allowed by default
[    1.856160] amd_nb: Cannot enumerate AMD northbridges
[    1.860084] clocksource: Switched to clocksource kvm-clock
[    1.945790] AppArmor: AppArmor Filesystem Enabled
[    2.026573] pnp: PnP ACPI init
[    2.098610] pnp: PnP ACPI: found 3 devices
[    2.192231] clocksource: acpi_pm: mask: 0xffffff max_cycles: 0xffffff, max_idle_ns: 2085701024 ns
[    2.359115] NET: Registered protocol family 2
[    2.418061] TCP established hash table entries: 8192 (order: 4, 65536 bytes)
[    2.546863] TCP bind hash table entries: 8192 (order: 5, 131072 bytes)
[    2.676589] TCP: Hash tables configured (established 8192 bind 8192)
[    2.748761] UDP hash table entries: 512 (order: 2, 16384 bytes)
[    2.872265] UDP-Lite hash table entries: 512 (order: 2, 16384 bytes)
[    2.988949] NET: Registered protocol family 1
[    3.095023] pci 0000:00:00.0: Limiting direct PCI/PCI transfers
[    3.210556] pci 0000:00:01.0: Activating ISA DMA hang workarounds
[    3.323311] Unpacking initramfs...
[    3.820854] Freeing initrd memory: 14796K
[    3.857858] clocksource: tsc: mask: 0xffffffffffffffff max_cycles: 0x398883a24ee, max_idle_ns: 881590416990 ns
[    3.988227] platform rtc_cmos: registered platform RTC device (no PNP device found)
[    4.093823] Scanning for low memory corruption every 60 seconds
[    4.155400] audit: initializing netlink subsys (disabled)
[    4.300195] audit: type=2000 audit(1537063279.702:1): initialized
[    4.398610] Initialise system trusted keyring
[    4.450667] HugeTLB registered 2 MB page size, pre-allocated 0 pages
[    4.585362] zbud: loaded
[    4.631820] VFS: Disk quotas dquot_6.6.0
[    4.695661] VFS: Dquot-cache hash table entries: 512 (order 0, 4096 bytes)
[    4.777399] squashfs: version 4.0 (2009/01/31) Phillip Lougher
[    4.848165] fuse init (API version 7.23)
[    4.891984] Key type big_key registered
[    4.921766] Allocating IMA MOK and blacklist keyrings.
[    4.980902] Key type asymmetric registered
[    5.063245] Asymmetric key parser 'x509' registered
[    5.136651] Block layer SCSI generic (bsg) driver version 0.4 loaded (major 249)
[    5.240639] io scheduler noop registered
[    5.281270] io scheduler deadline registered (default)
[    5.330850] io scheduler cfq registered
[    5.394826] pci_hotplug: PCI Hot Plug PCI Core version: 0.5
[    5.487596] pciehp: PCI Express Hot Plug Controller Driver version: 0.4
[    5.611880] ACPI: AC Adapter [AC] (on-line)
[    5.666131] input: Power Button as /devices/LNXSYSTM:00/LNXPWRBN:00/input/input0
[    5.793678] ACPI: Power Button [PWRF]
[    5.841214] input: Sleep Button as /devices/LNXSYSTM:00/LNXSLPBN:00/input/input1
[    5.917932] ACPI: Sleep Button [SLPF]
[    5.982715] GHES: HEST is not enabled!
[    5.983839] ACPI: Battery Slot [BAT0] (battery present)
[    6.112275] Serial: 8250/16550 driver, 32 ports, IRQ sharing enabled
[    6.333406] 00:02: ttyS0 at I/O 0x3f8 (irq = 4, base_baud = 115200) is a 16550A
[    6.494659] Linux agpgart interface v0.103
[    6.560909] loop: module loaded
[    6.627608] scsi host0: ata_piix
[    6.698532] scsi host1: ata_piix
[    6.737372] ata1: PATA max UDMA/33 cmd 0x1f0 ctl 0x3f6 bmdma 0xd000 irq 14
[    6.842592] ata2: PATA max UDMA/33 cmd 0x170 ctl 0x376 bmdma 0xd008 irq 15
[    7.003071] libphy: Fixed MDIO Bus: probed
[    7.082115] tun: Universal TUN/TAP device driver, 1.6
[    7.180938] tun: (C) 1999-2004 Max Krasnyansky <maxk@qualcomm.com>
[    7.323082] PPP generic driver version 2.4.2
[    7.418381] ehci_hcd: USB 2.0 'Enhanced' Host Controller (EHCI) Driver
[    7.510099] ehci-pci: EHCI PCI platform driver
[    7.560904] ehci-platform: EHCI generic platform driver
[    7.625411] ohci_hcd: USB 1.1 'Open' Host Controller (OHCI) Driver
[    7.733686] ohci-pci: OHCI PCI platform driver
[    7.869382] ohci-platform: OHCI generic platform driver
[    8.061227] uhci_hcd: USB Universal Host Controller Interface driver
[    8.271417] i8042: PNP: PS/2 Controller [PNP0303:PS2K,PNP0f03:PS2M] at 0x60,0x64 irq 1,12
[    8.436675] serio: i8042 KBD port at 0x60,0x64 irq 1
[    8.505947] serio: i8042 AUX port at 0x60,0x64 irq 12
[    8.584037] mousedev: PS/2 mouse device common for all mice
[    8.643630] input: AT Translated Set 2 keyboard as /devices/platform/i8042/serio0/input/input2
[    8.648732] rtc_cmos rtc_cmos: rtc core: registered rtc_cmos as rtc0
[    8.648871] rtc_cmos rtc_cmos: alarms up to one day, 114 bytes nvram
[    8.648914] i2c /dev entries driver
[    8.649057] device-mapper: uevent: version 1.0.3
[    8.649215] device-mapper: ioctl: 4.34.0-ioctl (2015-10-28) initialised: dm-devel@redhat.com
[    8.649251] ledtrig-cpu: registered to indicate activity on CPUs
[    8.649917] NET: Registered protocol family 10
[    8.650330] NET: Registered protocol family 17
[    8.650353] Key type dns_resolver registered
[    8.650998] registered taskstats version 1
[    8.651021] Loading compiled-in X.509 certificates
[    8.652586] Loaded X.509 cert 'Build time autogenerated kernel key: b7189ebc996fd79c52efc1226b6676b25e4f6a2d'
[    8.652638] zswap: loaded using pool lzo/zbud
[    8.656265] Key type trusted registered
[    8.662663] Key type encrypted registered
[    8.662680] AppArmor: AppArmor sha1 policy hashing enabled
[    8.662686] ima: No TPM chip found, activating TPM-bypass!
[    8.662716] ima: Allocated hash algorithm: sha1
[    8.662757] evm: HMAC attrs: 0x1
[    8.663304]   Magic number: 2:391:5
[    8.760795] rtc_cmos rtc_cmos: setting system clock to 2018-09-16 02:01:35 UTC (1537063295)
[    8.761136] BIOS EDD facility v0.16 2004-Jun-25, 0 devices found
[    8.761137] EDD information not available.
[   10.389575] Freeing unused kernel memory: 1516K
[   10.468180] Write protecting the kernel read-only data: 14336k
[   10.568082] Freeing unused kernel memory: 1672K
[   10.648497] Freeing unused kernel memory: 92K
Loading, please wait...
starting version[   10.735961] random: systemd-udevd: uninitialized urandom read (16 bytes read, 4 bits of entropy available)
 229
[   10.738941] random: udevadm: uninitialized urandom read (16 bytes read, 4 bits of entropy available)
[   10.739007] random: udevadm: uninitialized urandom read (16 bytes read, 4 bits of entropy available)
[   10.766261] random: udevadm: uninitialized urandom read (16 bytes read, 4 bits of entropy available)
[   10.766408] random: udevadm: uninitialized urandom read (16 bytes read, 4 bits of entropy available)
[   10.766796] random: udevadm: uninitialized urandom read (16 bytes read, 4 bits of entropy available)
[   10.766987] random: udevadm: uninitialized urandom read (16 bytes read, 4 bits of entropy available)
[   10.767152] random: udevadm: uninitialized urandom read (16 bytes read, 4 bits of entropy available)
[   10.767303] random: udevadm: uninitialized urandom read (16 bytes read, 4 bits of entropy available)
[   10.767460] random: udevadm: uninitialized urandom read (16 bytes read, 4 bits of entropy available)
[   12.005468] e1000: Intel(R) PRO/1000 Network Driver - version 7.3.21-k8-NAPI
[   12.166876] e1000: Copyright (c) 1999-2006 Intel Corporation.
[   12.292014] Fusion MPT base driver 3.04.20
[   12.376621] Copyright (c) 1999-2008 LSI Corporation
[   12.537151] AVX version of gcm_enc/dec engaged.
[   12.609788] AES CTR mode by8 optimization enabled
[   12.710299] Fusion MPT SPI Host driver 3.04.20
[   12.940991] e1000 0000:00:03.0 eth0: (PCI:33MHz:32-bit) 02:f9:a5:f1:f1:2b
[   13.042493] e1000 0000:00:03.0 eth0: Intel(R) PRO/1000 Network Connection
[   13.145426] input: ImExPS/2 Generic Explorer Mouse as /devices/platform/i8042/serio1/input/input4
[   13.667105] e1000 0000:00:08.0 eth1: (PCI:33MHz:32-bit) 08:00:27:f2:e6:34
[   13.790196] e1000 0000:00:08.0 eth1: Intel(R) PRO/1000 Network Connection
[   13.900164] mptbase: ioc0: Initiating bringup
[   13.961485] e1000 0000:00:03.0 enp0s3: renamed from eth0
[   14.020497] ioc0: LSI53C1030 A0: Capabilities={Initiator}
[   14.068711] e1000 0000:00:08.0 enp0s8: renamed from eth1
[   14.255123] scsi host2: ioc0: LSI53C1030 A0, FwRev=00000000h, Ports=1, MaxQ=256, IRQ=20
[   14.521648] scsi 2:0:0:0: Direct-Access     VBOX     HARDDISK         1.0  PQ: 0 ANSI: 5
[   14.649635] scsi target2:0:0: Beginning Domain Validation
[   14.736468] scsi target2:0:0: Domain Validation skipping write tests
[   14.903565] scsi target2:0:0: Ending Domain Validation
[   14.991099] scsi target2:0:0: asynchronous
[   15.070995] scsi 2:0:1:0: Direct-Access     VBOX     HARDDISK         1.0  PQ: 0 ANSI: 5
[   15.199128] scsi target2:0:1: Beginning Domain Validation
[   15.271857] scsi target2:0:1: Domain Validation skipping write tests
[   15.399710] scsi target2:0:1: Ending Domain Validation
[   15.490566] scsi target2:0:1: asynchronous
[   15.571406] sd 2:0:0:0: Attached scsi generic sg0 type 0
[   15.638608] sd 2:0:0:0: [sda] 20971520 512-byte logical blocks: (10.7 GB/10.0 GiB)
[   15.639027] sd 2:0:1:0: Attached scsi generic sg1 type 0
[   15.639332] sd 2:0:1:0: [sdb] 20480 512-byte logical blocks: (10.5 MB/10.0 MiB)
[   15.639596] sd 2:0:1:0: [sdb] Write Protect is off
[   15.639750] sd 2:0:1:0: [sdb] Incomplete mode parameter data
[   15.639754] sd 2:0:1:0: [sdb] Assuming drive cache: write through
[   15.642958] sd 2:0:1:0: [sdb] Attached SCSI disk
[   16.399627] sd 2:0:0:0: [sda] Write Protect is off
[   16.477475] sd 2:0:0:0: [sda] Incomplete mode parameter data
[   16.586311] sd 2:0:0:0: [sda] Assuming drive cache: write through
[   16.671580]  sda: sda1
[   16.711106] sd 2:0:0:0: [sda] Attached SCSI disk
Begin: Loading e[   18.588464] md: linear personality registered for level -1
ssential drivers ... [   18.707562] md: multipath personality registered for level -4
[   18.799655] md: raid0 personality registered for level 0
[   18.934267] md: raid1 personality registered for level 1
[   19.112136] raid6: sse2x1   gen()  2911 MB/s
[   19.204070] raid6: sse2x1   xor()  2337 MB/s
[   19.340232] raid6: sse2x2   gen()  1651 MB/s
[   19.456144] raid6: sse2x2   xor()  2821 MB/s
[   19.564204] raid6: sse2x4   gen()  2486 MB/s
[   19.724040] raid6: sse2x4   xor()  3179 MB/s
[   19.791392] raid6: using algorithm sse2x1 gen() 2911 MB/s
[   19.875589] raid6: .... xor() 2337 MB/s, rmw enabled
[   19.951128] raid6: using ssse3x2 recovery algorithm
[   20.020894] xor: automatically using best checksumming function:
[   20.168106]    avx       :  5485.000 MB/sec
[   20.249847] async_tx: api initialized (async)
[   20.331657] md: raid6 personality registered for level 6
[   20.394337] md: raid5 personality registered for level 5
[   20.487826] md: raid4 personality registered for level 4
[   20.570570] md: raid10 personality registered for level 10
done.
Begin: Running /scripts/init-premount ... done.
Begin: Mounting root file system ... Begin: R[   20.724108] Btrfs loaded
unning /scripts/local-top ... done.
Begin: Running /scripts/local-premount ... Scanning for Btrfs filesystems
done.
Warning: [   20.862378] EXT4-fs (sda1): mounted filesystem with ordered data mode. Opts: (null)
fsck not present, so skipping root file system
done.
Begin: Running /scripts/local-bottom ... done.
Begin: Running /scripts/init-bottom ... done.
[   21.203433] systemd[1]: systemd 229 running in system mode. (+PAM +AUDIT +SELINUX +IMA +APPARMOR +SMACK +SYSVINIT +UTMP +LIBCRYPTSETUP +GCRYPT +GNUTLS +ACL +XZ -LZ4 +SECCOMP +BLKID +ELFUTILS +KMOD -IDN)
[   21.489688] systemd[1]: Detected virtualization oracle.
[   21.549370] systemd[1]: Detected architecture x86-64.

Welcome to [1mUbuntu 16.04.5 LTS[0m!

[   21.637517] systemd[1]: Set hostname to <ubuntu>.
[   21.738035] systemd[1]: Initializing machine ID from random generator.
[   21.838778] systemd[1]: Installed transient /etc/machine-id file.
[   22.186347] systemd[1]: Listening on Journal Socket.
[[0;32m  OK  [0m] Listening on Journal Socket.
[   22.293360] systemd[1]: Created slice User and Session Slice.
[[0;32m  OK  [0m] Created slice User and Session Slice.
[   22.468941] systemd[1]: Listening on udev Control Socket.
[[0;32m  OK  [0m] Listening on udev Control Socket.
[   22.536604] systemd[1]: Listening on /dev/initctl Compatibility Named Pipe.
[[0;32m  OK  [0m] Listening on /dev/initctl Compatibility Named Pipe.
[   22.741070] systemd[1]: Listening on Journal Audit Socket.
[[0;32m  OK  [0m] Listening on Journal Audit Socket.
[   22.876807] systemd[1]: Listening on LVM2 poll daemon socket.
[[0;32m  OK  [0m] Listening on LVM2 poll daemon socket.
[   23.050039] systemd[1]: Created slice System Slice.
[[0;32m  OK  [0m] Created slice System Slice.
[   23.181011] systemd[1]: Starting Uncomplicated firewall...
[   23.182188] random: nonblocking pool is initialized
         Starting Uncomplicated firewall...
[   23.361123] systemd[1]: Set up automount Arbitrary Executable File Formats File System Automount Point.
[[0;32m  OK  [0m] Set up automount Arbitrary Executab...ats File System Automount Point.
[   23.505007] systemd[1]: Listening on Syslog Socket.
[[0;32m  OK  [0m] Listening on Syslog Socket.
[   23.677527] systemd[1]: Starting Nameserver information manager...
         Starting Nameserver information manager...
[   23.752454] systemd[1]: Mounting POSIX Message Queue File System...
         Mounting POSIX Message Queue File System...
[   23.901752] systemd[1]: Created slice system-serial\x2dgetty.slice.
[[0;32m  OK  [0m] Created slice system-serial\x2dgetty.slice.
[   24.068832] systemd[1]: Listening on Journal Socket (/dev/log).
[[0;32m  OK  [0m] Listening on Journal Socket (/dev/log).
[   24.231412] systemd[1]: Listening on udev Kernel Socket.
[[0;32m  OK  [0m] Listening on udev Kernel Socket.
[   24.376757] systemd[1]: Listening on LVM2 metadata daemon socket.
[[0;32m  OK  [0m] Listening on LVM2 metadata daemon socket.
[   24.572906] systemd[1]: Starting Remount Root and Kernel File Systems...
[   24.584307] EXT4-fs (sda1): re-mounted. Opts: (null)
         Starting Remount Root and Kernel File Systems...
[   24.790175] systemd[1]: Started Trigger resolvconf update for networkd DNS.
[[0;32m  OK  [0m] Started Trigger resolvconf update for networkd DNS.
[   25.016474] systemd[1]: Mounting Debug File System...
         Mounting Debug File System...
[   25.128585] systemd[1]: Reached target System Time Synchronized.
[[0;32m  OK  [0m] Reached target System Time Synchronized.
[   25.292966] systemd[1]: Starting Set console keymap...
         Starting Set console keymap...
[   25.438024] systemd[1]: Starting Journal Service...
         Starting Journal Service...
[   25.530266] systemd[1]: Mounting Huge Pages File System...
         Mounting Huge Pages File System...
[   25.632924] systemd[1]: Starting Create list of required static device nodes for the current kernel...
         Starting Create list of required st... nodes for the current kernel...
[   25.787635] systemd[1]: Started Forward Password Requests to Wall Directory Watch.
[[0;32m  OK  [0m] Started Forward Password Requests to Wall Directory Watch.
[   25.920774] systemd[1]: Starting Load Kernel Modules...
         Starting Load Ke[   25.991914] Loading iSCSI transport class v2.0-870.
rnel Modules...
[   26.076833] systemd[1]: Reached target Swap.
[   26.106041] iscsi: registered transport (tcp)
[[0;32m  OK  [0m] Reached target Swap.
[   26.212536] systemd[1]: Reached target Slices.
[[0;32m  OK  [0[   26.292593] iscsi: registered transport (iser)
m] Reached target Slices.
[   26.376498] systemd[1]: Reached target User and Group Name Lookups.
[[0;32m  OK  [0m] Reached target User and Group Name Lookups.
[   26.509243] systemd[1]: Reached target Encrypted Volumes.
[[0;32m  OK  [0m] Reached target Encrypted Volumes.
[   26.588682] systemd[1]: Listening on Device-mapper event daemon FIFOs.
[[0;32m  OK  [0m] Listening on Device-mapper event daemon FIFOs.
[   26.800851] systemd[1]: Starting Monitoring of LVM2 mirrors, snapshots etc. using dmeventd or progress polling...
         Starting Monitoring of LVM2 mirrors... dmeventd or progress polling...
[   27.004087] systemd[1]: Mounted Huge Pages File System.
[[0;32m  OK  [0m] Mounted Huge Pages File System.
[   27.160738] systemd[1]: Mounted POSIX Message Queue File System.
[[0;32m  OK  [0m] Mounted POSIX Message Queue File System.
[   27.340403] systemd[1]: Mounted Debug File System.
[[0;32m  OK  [0m] Mounted Debug File System.
[   27.504808] systemd[1]: Started Journal Service.
[[0;32m  OK  [0m] Started Journal Service.
[[0;32m  OK  [0m] Started Uncomplicated firewall.
[[0;32m  OK  [0m] Started Remount Root and Kernel File Systems.
[[0;32m  OK  [0m] Started Set console keymap.
[[0;32m  OK  [0m] Started Create list of required sta...ce nodes for the current kernel.
[[0;32m  OK  [0m] Started Load Kernel Modules.
[[0;32m  OK  [0m] Started Nameserver information manager.
[[0;32m  OK  [0m] Started LVM2 metadata daemon.
         Starting Apply Kernel Variables...
         Mounting FUSE Control File System...
         Starting Create Static Device Nodes in /dev...
         Starting Load/Save Random Seed...
         Starting udev Coldplug all Devices...
         Starting Flush Journal to Persistent Storage...
[[0;32m  OK  [0m] Mounted FUSE Control File System.
[[0;32m  OK  [0m] Started Monitoring of LVM2 mirrors,...ng dmeventd or progress polling.
[[0;32m  OK  [0m] Started Apply Kernel Variables.
[[0;32m  OK  [0m] Started Create Static Device Nodes in /dev.
[[0;32m  OK  [0m] Started Load/Save Random Seed.
[[0;32m  OK  [0m] Started Flush Journal to Persistent Storage.
[[0;32m  OK  [0m] Started udev Coldplug all Devices.
         Starting udev Kernel Device Manager...
[[0;32m  OK  [0m] Started udev Kernel Device Manager.
[[0;32m  OK  [0m] Started Dispatch Password Requests to Console Directory Watch.
[[0;32m  OK  [0m] Reached target Local File Systems (Pre).
[[0;32m  OK  [0m] Reached target Local File Systems.
         Starting Initial cloud-init job (pre-networking)...
         Starting Set console font and keymap...
         Starting Create Volatile Files and Directories...
         Starting LSB: AppArmor initialization...
         Starting Tell Plymouth To Write Out Runtime Data...
         Starting Commit a transient machine-id on disk...
[[0;32m  OK  [0m] Started Create Volatile Files and Directories.
[[0;32m  OK  [0m] Started Tell Plymouth To Write Out Runtime Data.
[[0;32m  OK  [0m] Started Commit a transient machine-id on disk.
[[0;32m  OK  [0m] Found device /dev/ttyS0.
[[0;32m  OK  [0m] Listening on Load/Save RF Kill Switch Status /dev/rfkill Watch.
         Starting Update UTMP about System Boot/Shutdown...
[[0;32m  OK  [0m] Started Update UTMP about System Boot/Shutdown.
[[0;32m  OK  [0m] Started Set console font and keymap.
[[0;32m  OK  [0m] Created slice system-getty.slice.
[   32.492944] cloud-init[495]: Cloud-init v. 18.3-9-g2e62cb8a-0ubuntu1~16.04.2 running 'init-local' at Sun, 16 Sep 2018 02:01:57 +0000. Up 31.10 seconds.
[[0;32m  OK  [0m] Started Initial cloud-init job (pre-networking).
[[0;32m  OK  [0m] Reached target Network (Pre).
[[0;32m  OK  [0m] Started LSB: AppArmor initialization.
         Starting Raise network interfaces...
[[0;32m  OK  [0m] Started Raise network interfaces.
         Starting Initial cloud-init job (metadata service crawler)...
[[0;32m  OK  [0m] Reached target Network.
[   36.777879] cloud-init[952]: Cloud-init v. 18.3-9-g2e62cb8a-0ubuntu1~16.04.2 running 'init' at Sun, 16 Sep 2018 02:02:01 +0000. Up 34.99 seconds.
[   36.905320] cloud-init[952]: ci-info: ++++++++++++++++++++++++++++++++++++++Net device info+++++++++++++++++++++++++++++++++++++++
[[   36.988959] cloud-init[952]: ci-info: +--------+-------+----------------------------+---------------+--------+-------------------+
[0;32m  OK  [0m] Started Initial cloud-init job (metadata service crawler).
[   36.989372] cloud-init[952]: ci-info: | Device |   Up  |          Address           |      Mask     | Scope  |     Hw-Address    |
[   37.240814] cloud-init[952]: ci-info: +--------+-------+----------------------------+---------------+--------+-------------------+
[[0;32m  OK  [0m] Reached target Network is Online.
[   37.241522] cloud-init[952]: ci-info: | enp0s3 |  True |         10.0.2.15          | 255.255.255.0 | global | 02:f9:a5:f1:f1:2b |
[   37.528995] cloud-init[952]: ci-info: | enp0s3 |  True | fe80::f9:a5ff:fef1:f12b/64 |       .       |  link  | 02:f9:a5:f1:f1:2b |
[   37.529480] cloud-init[952]: ci-info: | enp0s8 | False |             .              |       .       |   .    | 08:00:27:f2:e6:34 |
         Starting iSCSI initiator daemon (iscsid)...
[[   37.529684] cloud-init[952]: ci-info: |   lo   |  True |         127.0.0.1          |   255.0.0.0   |  host  |         .         |
[0;32m  OK  [0m] Reached target System Initialization.
[   37.697601] cloud-init[952]: ci-info: |   lo   |  True |          ::1/128           |       .       |  host  |         .         |
[[   37.956749] cloud-init[952]: ci-info: +--------+-------+----------------------------+---------------+--------+-------------------+
[   37.957424] cloud-init[952]: ci-info: +++++++++++++++++++++++++++Route IPv4 info++++++++++++++++++++++++++++
[0;32m  OK  [0m] Started Daily apt download activities.
[   37.957595] cloud-init[952]: ci-info: +-------+-------------+----------+---------------+-----------+-------+
[   38.052168] cloud-init[952]: ci-info: | Route | Destination | Gateway  |    Genmask    | Interface | Flags |
[   38.052952] cloud-init[952]: ci-info: +-------+-------------+----------+---------------+-----------+-------+
[   38.054053] cloud-init[952]: ci-info: |   0   |   0.0.0.0   | 10.0.2.2 |    0.0.0.0    |   enp0s3  |   UG  |
         Starting Socket activation for snappy daemon.
[[   38.055607] cloud-init[952]: ci-info: |   1   |   10.0.2.0  | 0.0.0.0  | 255.255.255.0 |   enp0s3  |   U   |
[0;32m  OK  [0m[   38.297588] ] Listening on D-Bus System Message Bus Socket.cloud-init
[952]: ci-info: +-------+-------------+----------+---------------+-----------+-------+
[   38.496659] cloud-init[952]: ci-info: +++++++++++++++++++Route IPv6 info+++++++++++++++++++
[   38.501438] cloud-init[952]: ci-info: +-------+-------------+---------+-----------+-------+
[   38.532865] cloud-init[952]: ci-info: | Route | Destination | Gateway | Interface | Flags |
[   38.533179] cloud-init[952]: ci-info: +-------+-------------+---------+-----------+-------+
[[0;32m  OK  [0m] Started Daily apt upgrade and clean activities.
[[   38.533322] cloud-init[952]: ci-info: |   0   |  fe80::/64  |    ::   |   enp0s3  |   U   |
[0;32m  OK  [0m] Started Daily Cleanup of Temporary Directories.
[   38.690484] cloud-init[952]: ci-info: |   4   |   ff00::/8  |    ::   |   enp0s3  |   U   |
[   38.816733] cloud-init[952]: ci-info: +-------+-------------+---------+-----------+-------+
[   38.817109] cloud-init[952]: Generating public/private rsa key pair.
[[0;32m  OK  [0m] Started ACPI Events Check.
[[   38.817400] cloud-init[952]: Your identification has been saved in /etc/ssh/ssh_host_rsa_key.
[0;32m  OK  [0m] Reached target Paths.
[[   39.001318] cloud-init[952]: Your public key has been saved in /etc/ssh/ssh_host_rsa_key.pub.
[0;32m  OK  [0m] Listening on UUID daemon activation socket.
[   39.117245] cloud-init[952]: The key fingerprint is:
[   39.295982] cloud-init[952]: SHA256:DIEupjkxlWSGlLoFab3/PCwqvvWZYGoNGS8UKCz+xG8 root@ubuntu-xenial
         Starting LXD - unix socket.
[[0;32m  OK  [0m] Listening on ACPID Listen Socket.
[[   39.296699] cloud-init[952]: The key's randomart image is:
[0;32m  OK  [0m] Reached target Timers.
[   39.453435] cloud-init[952]: +---[RSA 2048]----+
[   39.564726] cloud-init[952]: |+=*. ..          |
[   39.565148] cloud-init[952]: |BBo..  .         |
[[0;32m  OK  [0m] Reached target Cloud-config availability.
[   39.565347] cloud-init[952]: |*oo.. .          |
[[0;32m  OK  [0m] Listening on Socket activation for snappy daemon.
[   39.745503] [cloud-init[0;32m  OK  [0m[952]: ] |++++.  o         |Listening on LXD - unix socket.

[   39.858894] [cloud-init[0;32m  OK  [0m[952]: ] |.O*.o   S        |Started iSCSI initiator daemon (iscsid).

[   39.864257] cloud-init[952]: |=+ o E           |
[   40.024772] cloud-init[952]:          | .++. +          |Starting Login to default iSCSI targets...

[[   40.026351] cloud-init[952]: | o+.o.o=         |
[0;32m  OK  [0m] Reached target Sockets.
[[0;32m  OK  [0m] Reached target Basic System.
[   40.125505] cloud-init[952]: |o+o..+. .        |
[   40.280506] cloud-init[952]: +----[SHA256]-----+
[   40.280978] cloud-init[952]: Generating public/private dsa key pair.
         Starting /etc/rc.local Compatibility...
[   40.281271] cloud-init[952]: Your identification has been saved in /etc/ssh/ssh_host_dsa_key.
[   40.536846] cloud-init[952]: Your public key has been saved in /etc/ssh/ssh_host_dsa_key.pub.
[   40.616778] cloud-init[952]: The key fingerprint is:
[   40.617144] cloud-init[952]: SHA256:gVHcDQL/xNsiVTDn0TZNEOB/tscZ5aC3tVBtWojZIV4 root@ubuntu-xenial
[   40.618674] cloud-init[952]: The key's randomart image is:
[   40.619370] cloud-init[952]: +---[DSA 1024]----+
[   40.622559] cloud-init[952]: |      o+o.++*oE=.|
[   40.623868] cloud-init[952]: |       +.o.B.B+oo|
[   40.625293] cloud-init[952]: |      . o + *.+o=|
[   40.626572] cloud-init[952]: |         = o o.*.|
[   40.627905] cloud-init[952]: |        S + o.+.=|
[   40.630063] cloud-init[952]: |         . . ..*=|
[   40.631086] cloud-init[952]: |              .+o|
[   40.632204] cloud-init[952]: |                .|
[   40.632763] cloud-init[952]: |                 |
[   40.633313] cloud-init[952]: +----[SHA256]-----+
[   40.634442] cloud-init[952]: Generating public/private ecdsa key pair.
[   40.635001] cloud-init[952]: Your identification has been saved in /etc/ssh/ssh_host_ecdsa_key.
[   40.636152] cloud-init[952]: Your public key has been saved in /etc/ssh/ssh_host_ecdsa_key.pub.
[   40.636684] cloud-init[952]: The key fingerprint is:
[   40.637822] cloud-init[952]: SHA256:1cyA9RU9PylQyRA7Gb0PTwspNrylHSWEHX5u1mh5GUE root@ubuntu-xenial
[   40.638386] cloud-init[952]: The key's randomart image is:
[[0;32m  OK  [0m] Started D-Bus System Message Bus.
[   40.639131] cloud-init[952]: +---[ECDSA 256]---+
[   41.200538] cloud-init[952]: |         oo+X+*E |
[   41.256777] cloud-init[952]: |        .  O=B oo|
[   41.312980] [[0;32m  OK  [0mcloud-init] [952]: Started Regular background program processing daemon.|          o+*.=o+|

[   41.313695] cloud-init[952]: |         . =.Oo*=|
[   41.449764]          cloud-initStarting Pollinate to seed the pseudo random number generator...[952]: 
|        S . B %==|
[   41.504830]          Starting LSB: MD monitoring daemon...
cloud-init[952]: |           o oo= |
[   41.513238] cloud-init[952]: |                 |
[   41.518483] cloud-init[952]: |                 |
[   41.523572] cloud-init[952]: |                 |
[   41.584749]          cloud-initStarting Login Service...[952]: 
+----[SHA256]-----+
[   41.665435] cloud-init[952]: Generating public/private ed25519 key pair.
[   41.665863] cloud-init[952]: Your identification has been saved in /etc/ssh/ssh_host_ed25519_key.
[[0;32m  OK  [0m] Started Deferred execution scheduler.
[   41.666103] cloud-init[952]: Your public key has been saved in /etc/ssh/ssh_host_ed25519_key.pub.
[   41.864850] cloud-init[952]: The key fingerprint is:
[   41.865253] cloud-init[952]: SHA256:I0roo74KRgXAh3B0bX3L1FPeSskS5Q8xuVBIRHbEU90 root@ubuntu-xenial
         Starting LSB: Record successful boot for GRUB...
[   41.865493] cloud-init[952]: The key's randomart image is:
[   42.026134] cloud-init[952]: +--[ED25519 256]--+
[   42.092684] cloud-init[952]: |*o+ .. .   =*BOo+|
[   42.092963] cloud-init[952]: | +.o  o . o.=*+=E|
         Starting System Logging Service...
[   42.093876] cloud-init[952]: |  .. .   + ..oBo.|
[   42.257810] cloud-init[952]: |  ..      o  o.+ |
[   42.276705] [cloud-init[0;32m  OK  [0m[952]: ] | .. . . S     . .|Started FUSE filesystem for LXC.

[   42.277267] cloud-init[952]: |.. . . . .       |
[   42.409558] cloud-init[952]: |..o .            |
[   42.409905] cloud-init[952]: |o. .             |
         Starting Virtualbox guest utils...
[   42.410094] cloud-init[952]: |=o.              |
[   42.588909] cloud-init[952]: +----[SHA256]-----+
         Starting Accounts Service...
[[0;32m  OK  [0m] Started Unattended Upgrades Shutdown.
[[0;32m  OK  [0m] Started ACPI event daemon.
         Starting LXD - container startup/shutdown...
         Starting Snappy daemon...
[[0;32m  OK  [0m] Started System Logging Service.
[[0;32m  OK  [0m] Started /etc/rc.local Compatibility.
[[0;32m  OK  [0m] Started Pollinate to seed the pseudo random number generator.
[[0;32m  OK  [0m] Started LXD - container startup/shutdown.
[[0;32m  OK  [0m] Started Login to default iSCSI targets.
[[0;32m  OK  [0m] Started LSB: MD monitoring daemon.
[[0;32m  OK  [0m] Started LSB: Record successful boot for GRUB.
[[0;32m  OK  [0m] Started Snappy daemon.
[[0;32m  OK  [0m] Started Virtualbox guest utils.
[[0;32m  OK  [0m] Started Login Service.
         Starting Authenticate and Authorize Users to Run Privileged Tasks...
         Starting Wait until snapd is fully seeded...
[[0;32m  OK  [0m] Reached target Remote File Systems (Pre).
[[0;32m  OK  [0m] Reached target Remote File Systems.
         Starting Permit User Sessions...
         Starting LSB: Set the CPU Frequency Scaling governor to "ondemand"...
         Starting LSB: daemon to balance interrupts for SMP systems...
         Starting LSB: automatic crash report generation...
         Starting OpenBSD Secure Shell server...
[[0;32m  OK  [0m] Started OpenBSD Secure Shell server.
[[0;32m  OK  [0m] Started Permit User Sessions.
[[0;32m  OK  [0m] Started Authenticate and Authorize Users to Run Privileged Tasks.
[[0;32m  OK  [0m] Started Accounts Service.
[[0;32m  OK  [0m] Started LSB: Set the CPU Frequency Scaling governor to "ondemand".
[[0;32m  OK  [0m] Created slice User Slice of vagrant.
         Starting User Manager for UID 1000...
[[0;32m  OK  [0m] Started Session 1 of user vagrant.
         Starting Hold until boot process finishes up...
         Starting Terminate Plymouth Boot Screen...
[[0;32m  OK  [0m] Started User Manager for UID 1000.
[[0;32m  OK  [0m] Started LSB: daemon to balance interrupts for SMP systems.
[[0;32m  OK  [0m] Started LSB: automatic crash report generation.
[[0;32m  OK  [0m] Started Hold until boot process finishes up.
[[0;32m  OK  [0m] Started Terminate Plymouth Boot Screen.
         Starting Set console scheme...
[[0;32m  OK  [0m] Started Serial Getty on ttyS0.
[[0;32m  OK  [0m] Started Getty on tty1.
[[0;32m  OK  [0m] Reached target Login Prompts.
[[0;32m  OK  [0m] Started Set console scheme.
[[0;32m  OK  [0m] Started Wait until snapd is fully seeded.
         Starting Apply the settings specified in cloud-config...
[[0;32m  OK  [0m] Reached target Multi-User System.
[[0;32m  OK  [0m] Reached target Graphical Interface.
         Starting Update UTMP about System Runlevel Changes...
[[0;32m  OK  [0m] Started Update UTMP about System Runlevel Changes.
[   47.680588] cloud-init[1346]: Generating locales (this might take a while)...
[   49.808243] cloud-init[1346]:   en_US.UTF-8... done
[   49.857232] cloud-init[1346]: Generation complete.
[   50.800496] cloud-init[1346]: Cloud-init v. 18.3-9-g2e62cb8a-0ubuntu1~16.04.2 running 'modules:config' at Sun, 16 Sep 2018 02:02:13 +0000. Up 47.16 seconds.

Ubuntu 16.04.5 LTS ubuntu-xenial ttyS0

ubuntu-xenial login: ci-info: no authorized ssh keys fingerprints found for user ubuntu.
<14>Sep 16 02:02:19 ec2: 
<14>Sep 16 02:02:19 ec2: #############################################################
<14>Sep 16 02:02:19 ec2: -----BEGIN SSH HOST KEY FINGERPRINTS-----
<14>Sep 16 02:02:19 ec2: 1024 SHA256:gVHcDQL/xNsiVTDn0TZNEOB/tscZ5aC3tVBtWojZIV4 root@ubuntu-xenial (DSA)
<14>Sep 16 02:02:19 ec2: 256 SHA256:1cyA9RU9PylQyRA7Gb0PTwspNrylHSWEHX5u1mh5GUE root@ubuntu-xenial (ECDSA)
<14>Sep 16 02:02:19 ec2: 256 SHA256:I0roo74KRgXAh3B0bX3L1FPeSskS5Q8xuVBIRHbEU90 root@ubuntu-xenial (ED25519)
<14>Sep 16 02:02:19 ec2: 2048 SHA256:DIEupjkxlWSGlLoFab3/PCwqvvWZYGoNGS8UKCz+xG8 root@ubuntu-xenial (RSA)
<14>Sep 16 02:02:19 ec2: -----END SSH HOST KEY FINGERPRINTS-----
<14>Sep 16 02:02:19 ec2: #############################################################
-----BEGIN SSH HOST KEY KEYS-----
ecdsa-sha2-nistp256 AAAAE2VjZHNhLXNoYTItbmlzdHAyNTYAAAAIbmlzdHAyNTYAAABBBIASqmLpkAXffD2knF5RzXgW4v5EctDFwYqIs6FLdhC7cMgERUFY2AMMQ6A4+fpPWKdqIih7JWEu9wVgq1p+z7M= root@ubuntu-xenial
ssh-ed25519 AAAAC3NzaC1lZDI1NTE5AAAAIEUSYUbxplNAAgFoZZ9CUFeh8D7De87NzrLNSs8p/oL4 root@ubuntu-xenial
ssh-rsa AAAAB3NzaC1yc2EAAAADAQABAAABAQDDwC/2SOI7G4S5DAlge9a9MxyjCdSul0VGrTjid/dRKI3vsoYoEPjlrAbKhJeKuHViA1yssGPlxwNDgOKNseyEYrbCFF7JbQ5hsH+rZHKQOir/ePN/tZQ5JsreGeVy+Qalcl3o2xJ7dhopQWtjiV6dA7+31hagiEEqYVH37rB9V6TrvayrSk1L+6smjn/EhZl5f0Zw55nE4jE/HY3KdxJrylPZFsvqDWWuqxpNq43+CBqmAwydatSTZG19g0iZU3mWCS3m2PUI6eOQ9Y7EWSc0xXqpQ/fb7Jow5rcclY4Vvbcw6bIk0xDvdR0mweWXiffrR5ePrSnCjZ+eaMZV1ipl root@ubuntu-xenial
-----END SSH HOST KEY KEYS-----
[   52.414456] cloud-init[1493]: Cloud-init v. 18.3-9-g2e62cb8a-0ubuntu1~16.04.2 running 'modules:final' at Sun, 16 Sep 2018 02:02:18 +0000. Up 51.82 seconds.
[   52.415642] cloud-init[1493]: ci-info: no authorized ssh keys fingerprints found for user ubuntu.
[   52.417002] cloud-init[1493]: Cloud-init v. 18.3-9-g2e62cb8a-0ubuntu1~16.04.2 finished at Sun, 16 Sep 2018 02:02:19 +0000. Datasource DataSourceNoCloud [seed=/dev/sdb][dsmode=net].  Up 52.38 seconds
